\BOOKMARK [0][-]{part.1}{I 2012 Fall}{}% 1
\BOOKMARK [1][-]{section.1}{Part 1}{part.1}% 2
\BOOKMARK [2][-]{subsection.1.1}{Problem 3: Compton scattering}{section.1}% 3
\BOOKMARK [1][-]{section.2}{Part 2}{part.1}% 4
\BOOKMARK [2][-]{subsection.2.1}{Problem 1: perturbation theory}{section.2}% 5
\BOOKMARK [2][-]{subsection.2.2}{Problem 5: magnetic monopole}{section.2}% 6
\BOOKMARK [0][-]{part.2}{II 2013 Fall}{}% 7
\BOOKMARK [1][-]{section.3}{Part 1}{part.2}% 8
\BOOKMARK [2][-]{subsection.3.1}{Problem 6}{section.3}% 9
\BOOKMARK [0][-]{part.3}{III 2013 Spring}{}% 10
\BOOKMARK [1][-]{section.4}{Part 1}{part.3}% 11
\BOOKMARK [2][-]{subsection.4.1}{Problem 2: Random walk and diffusion}{section.4}% 12
\BOOKMARK [2][-]{subsection.4.2}{Problem 8: Entropy change after mixing the ideal gases}{section.4}% 13
\BOOKMARK [1][-]{section.5}{Part 2}{part.3}% 14
\BOOKMARK [2][-]{subsection.5.1}{Problem 2: Radiation damping}{section.5}% 15
\BOOKMARK [2][-]{subsection.5.2}{Problem 3: Thermal engine}{section.5}% 16
\BOOKMARK [0][-]{part.4}{IV 2014 Fall}{}% 17
\BOOKMARK [1][-]{section.6}{Part 2}{part.4}% 18
\BOOKMARK [2][-]{subsection.6.1}{Problem 3: Statistical mechanics}{section.6}% 19
\BOOKMARK [2][-]{subsection.6.2}{Problem 4: Alpha decay}{section.6}% 20
\BOOKMARK [0][-]{part.5}{V 2015 Fall}{}% 21
\BOOKMARK [1][-]{section.7}{Part 1}{part.5}% 22
\BOOKMARK [2][-]{subsection.7.1}{Problem 3: The possibility for the particle to reach the center of the field}{section.7}% 23
\BOOKMARK [2][-]{subsection.7.2}{Problem 4: Maxwell-Boltzmann velocity distributuion and meanfree path}{section.7}% 24
\BOOKMARK [1][-]{section.8}{Part 2}{part.5}% 25
\BOOKMARK [2][-]{subsection.8.1}{Problem 2: Elastic collision}{section.8}% 26
\BOOKMARK [0][-]{part.6}{VI 2015 Spring}{}% 27
\BOOKMARK [1][-]{section.9}{Part 2}{part.6}% 28
\BOOKMARK [2][-]{subsection.9.1}{Problem 5: Phonons and rotons in He II}{section.9}% 29
\BOOKMARK [0][-]{part.7}{VII 2016 Fall}{}% 30
\BOOKMARK [1][-]{section.10}{Part 1}{part.7}% 31
\BOOKMARK [2][-]{subsection.10.1}{Problem 2}{section.10}% 32
\BOOKMARK [1][-]{section.11}{Part 2}{part.7}% 33
\BOOKMARK [2][-]{subsection.11.1}{Problem 3: Relativistic travel}{section.11}% 34
\BOOKMARK [2][-]{subsection.11.2}{Problem 5: Statistical mechanics}{section.11}% 35
\BOOKMARK [0][-]{part.8}{VIII 2016 Spring}{}% 36
\BOOKMARK [1][-]{section.12}{Part 1}{part.8}% 37
\BOOKMARK [2][-]{subsection.12.1}{Problem 7: RC circuit}{section.12}% 38
\BOOKMARK [0][-]{part.9}{IX 2017 Spring}{}% 39
\BOOKMARK [1][-]{section.13}{Part 2}{part.9}% 40
\BOOKMARK [2][-]{subsection.13.1}{Problem 4: Polymer chain and its thermodynamic property}{section.13}% 41
