\BOOKMARK [0][-]{part.1}{I Classical Electrodynamics}{}% 1
\BOOKMARK [1][-]{section.1}{Spring 2019}{part.1}% 2
\BOOKMARK [2][-]{subsection.1.1}{The angular integral in \(4.16'\)}{section.1}% 3
\BOOKMARK [2][-]{subsection.1.2}{One tricky point on partial derivative below \(5.108\)}{section.1}% 4
\BOOKMARK [2][-]{subsection.1.3}{Derivation of \(6.27\) and \(6.28\)}{section.1}% 5
\BOOKMARK [2][-]{subsection.1.4}{Derivation of \(9.37\) in Jackson}{section.1}% 6
\BOOKMARK [2][-]{subsection.1.5}{Derivation of \(9.46\) in Jackson}{section.1}% 7
\BOOKMARK [2][-]{subsection.1.6}{Angular momentum operator of wave mechanics \(9.101\) in Jackson}{section.1}% 8
\BOOKMARK [2][-]{subsection.1.7}{Remark of delta function in page 120, Jackson}{section.1}% 9
\BOOKMARK [2][-]{subsection.1.8}{Derivation of \(9.120\) and \(9.121\) in Jackson}{section.1}% 10
\BOOKMARK [2][-]{subsection.1.9}{Derivation of \(10.4\) in Jackson}{section.1}% 11
\BOOKMARK [2][-]{subsection.1.10}{Derivation of \(10.7\) in Jackson}{section.1}% 12
\BOOKMARK [2][-]{subsection.1.11}{Derivation of \(10.34\) in Jackson}{section.1}% 13
\BOOKMARK [2][-]{subsection.1.12}{Molecular polarizability mol}{section.1}% 14
\BOOKMARK [2][-]{subsection.1.13}{Derivation of the basic Kirchhoff integral formula}{section.1}% 15
\BOOKMARK [2][-]{subsection.1.14}{Mathematical inconsistency in Kirchhoff approximation}{section.1}% 16
\BOOKMARK [2][-]{subsection.1.15}{Why the integral over S2 vanishes? Derivation of \(10.98\) in Jackson}{section.1}% 17
\BOOKMARK [2][-]{subsection.1.16}{Derivation of \(9.123\) in Jackson}{section.1}% 18
\BOOKMARK [2][-]{subsection.1.17}{Electric and magnetic dipole fields and radiation}{section.1}% 19
\BOOKMARK [2][-]{subsection.1.18}{Rapidity}{section.1}% 20
\BOOKMARK [2][-]{subsection.1.19}{Proof of \(11.19\) in Jackson}{section.1}% 21
\BOOKMARK [2][-]{subsection.1.20}{Derivation of \(11.158\) in Jackson}{section.1}% 22
\BOOKMARK [2][-]{subsection.1.21}{Derivation of \(11.150\) in Jackson}{section.1}% 23
\BOOKMARK [2][-]{subsection.1.22}{Relativistic Doppler shift, \(11.30\) in Jackson}{section.1}% 24
\BOOKMARK [2][-]{subsection.1.23}{Derivation of \(12.47\) in Jackson}{section.1}% 25
\BOOKMARK [0][-]{part.2}{II Classical Field Theory}{}% 26
\BOOKMARK [1][-]{section.2}{Spring 2019}{part.2}% 27
\BOOKMARK [2][-]{subsection.2.1}{Sum of velocity \(5.2\) in Landau}{section.2}% 28
\BOOKMARK [2][-]{subsection.2.2}{Problem of section 7 in Landau}{section.2}% 29
\BOOKMARK [2][-]{subsection.2.3}{A vector identity of section 17 Landau}{section.2}% 30
\BOOKMARK [2][-]{subsection.2.4}{Derivation of problem 3 of section 22 in Landau, gradient-B drift}{section.2}% 31
