\BOOKMARK [0][-]{part.1}{I Caprice}{}% 1
\BOOKMARK [1][-]{section.1}{Fall 2018}{part.1}% 2
\BOOKMARK [2][-]{subsection.1.1}{Derivation of \(2.1.33\)}{section.1}% 3
\BOOKMARK [2][-]{subsection.1.2}{Postulate of quantum mechanics: inner product}{section.1}% 4
\BOOKMARK [2][-]{subsection.1.3}{Probability postulate}{section.1}% 5
\BOOKMARK [2][-]{subsection.1.4}{\(1.4.46\) and \(1.4.47\)}{section.1}% 6
\BOOKMARK [2][-]{subsection.1.5}{Translation operator}{section.1}% 7
\BOOKMARK [2][-]{subsection.1.6}{Complete set of compatible operators}{section.1}% 8
\BOOKMARK [2][-]{subsection.1.7}{Typo a line above \(1.4.57\)}{section.1}% 9
\BOOKMARK [2][-]{subsection.1.8}{Galilean Invariance in Schrodinger equation}{section.1}% 10
\BOOKMARK [2][-]{subsection.1.9}{Residue Theorem and A Line Integral}{section.1}% 11
\BOOKMARK [2][-]{subsection.1.10}{Order x and -1/x at x=0}{section.1}% 12
\BOOKMARK [2][-]{subsection.1.11}{Saddle point approximation}{section.1}% 13
\BOOKMARK [2][-]{subsection.1.12}{Qubit}{section.1}% 14
\BOOKMARK [2][-]{subsection.1.13}{The improved Bohr-Sommerfeld quantization formula}{section.1}% 15
\BOOKMARK [2][-]{subsection.1.14}{Landau level for a charged particle in unifrom magnetic field}{section.1}% 16
\BOOKMARK [2][-]{subsection.1.15}{Order of even permutation group \(alternating groyp\)}{section.1}% 17
\BOOKMARK [2][-]{subsection.1.16}{Cross product}{section.1}% 18
\BOOKMARK [2][-]{subsection.1.17}{Probability flux in the presence of electromagnetic field}{section.1}% 19
\BOOKMARK [2][-]{subsection.1.18}{Electromagnetic gauge transformations are canonical transformations}{section.1}% 20
\BOOKMARK [2][-]{subsection.1.19}{One-dimensional quantum ring}{section.1}% 21
\BOOKMARK [2][-]{subsection.1.20}{Quantum harmonic oscillator}{section.1}% 22
\BOOKMARK [2][-]{subsection.1.21}{Completeness of coherent states}{section.1}% 23
\BOOKMARK [2][-]{subsection.1.22}{Properties of Pauli matrices}{section.1}% 24
\BOOKMARK [2][-]{subsection.1.23}{Orthogonal curvilinear coordinates}{section.1}% 25
\BOOKMARK [2][-]{subsection.1.24}{Exterior derivative}{section.1}% 26
\BOOKMARK [2][-]{subsection.1.25}{Eigenvalues of J2 and Jz}{section.1}% 27
