\BOOKMARK [0][-]{part.1}{I Caprice}{}% 1
\BOOKMARK [1][-]{section.1}{Fall 2018}{part.1}% 2
\BOOKMARK [2][-]{subsection.1.1}{Proof of \(1.4.12\)}{section.1}% 3
\BOOKMARK [2][-]{subsection.1.2}{Macroscopic systems are in general in mixed states}{section.1}% 4
\BOOKMARK [2][-]{subsection.1.3}{Problem 1.14}{section.1}% 5
\BOOKMARK [2][-]{subsection.1.4}{Counter Intuition Fact about High-Dimensional Ball}{section.1}% 6
\BOOKMARK [2][-]{subsection.1.5}{Derivation of \(1.3.6\)}{section.1}% 7
\BOOKMARK [2][-]{subsection.1.6}{Derivation of \(1.3.7\)}{section.1}% 8
\BOOKMARK [2][-]{subsection.1.7}{Proof of \(2.3.5\)}{section.1}% 9
\BOOKMARK [2][-]{subsection.1.8}{How does statistical mechanics relate to probability theory?}{section.1}% 10
\BOOKMARK [2][-]{subsection.1.9}{Derivation of \(2.6.3\)}{section.1}% 11
\BOOKMARK [2][-]{subsection.1.10}{Derivation of \(2.6.12\)}{section.1}% 12
\BOOKMARK [2][-]{subsection.1.11}{An interesting derivative}{section.1}% 13
\BOOKMARK [2][-]{subsection.1.12}{Statistical Ensemble}{section.1}% 14
\BOOKMARK [2][-]{subsection.1.13}{Density matrix in Schr\366dinger picture and Heisenberg picture}{section.1}% 15
\BOOKMARK [2][-]{subsection.1.14}{Two equivalent statement of equilibrium statistical mechanics hypothesis}{section.1}% 16
\BOOKMARK [2][-]{subsection.1.15}{A Thought}{section.1}% 17
\BOOKMARK [2][-]{subsection.1.16}{TdS equation}{section.1}% 18
\BOOKMARK [2][-]{subsection.1.17}{Legendre transformation}{section.1}% 19
\BOOKMARK [2][-]{subsection.1.18}{Property of \040function}{section.1}% 20
\BOOKMARK [2][-]{subsection.1.19}{The partition function of ideal quantum gas}{section.1}% 21
\BOOKMARK [2][-]{subsection.1.20}{The average occupation number of ideal quantum gas}{section.1}% 22
\BOOKMARK [2][-]{subsection.1.21}{Maxwell-Boltzmann statistics}{section.1}% 23
\BOOKMARK [2][-]{subsection.1.22}{Riemann Zeta function}{section.1}% 24
\BOOKMARK [2][-]{subsection.1.23}{van der Waals equation of state}{section.1}% 25
\BOOKMARK [2][-]{subsection.1.24}{Exact solution to 1D Ising model}{section.1}% 26
\BOOKMARK [2][-]{subsection.1.25}{Binomial distribution}{section.1}% 27
\BOOKMARK [1][-]{section.2}{Homework}{part.1}% 28
\BOOKMARK [2][-]{subsection.2.1}{Homework 7}{section.2}% 29
\BOOKMARK [1][-]{section.3}{Questions}{part.1}% 30
\BOOKMARK [2][-]{subsection.3.1}{Fourier transform of short-ranged coupling}{section.3}% 31
